2023-08-14 00:08:614 INFO  HomePage :53 - Entering User's Name : [[ChromeDriver: chrome on WINDOWS (4398d3fe70bbabe5488194275d732f69)] -> xpath: //input[@id='inputName']]
2023-08-14 00:08:696 INFO  HomePage :58 - Entering User's Date Of Birth : [[ChromeDriver: chrome on WINDOWS (4398d3fe70bbabe5488194275d732f69)] -> xpath: //input[@id='inputBirthday']]
2023-08-14 00:08:751 INFO  HomePage :63 - Clicking On Submit Button : [[ChromeDriver: chrome on WINDOWS (4398d3fe70bbabe5488194275d732f69)] -> xpath: //button[@id='submitButton']]
2023-08-14 00:08:365 INFO  HomePage :69 - Verifying Displayed User Name : [[ChromeDriver: chrome on WINDOWS (4398d3fe70bbabe5488194275d732f69)] -> xpath: //span[@id='resultName']]
2023-08-14 00:08:406 INFO  HomePage :75 - Verifying Displayed User Age : [[ChromeDriver: chrome on WINDOWS (4398d3fe70bbabe5488194275d732f69)] -> xpath: //span[@id='resultAge']]
2023-08-14 00:08:172 INFO  HomePage :53 - Entering User's Name : [[ChromeDriver: chrome on WINDOWS (eedf9077cf4f2f77d35f47c15ce0aa74)] -> xpath: //input[@id='inputName']]
2023-08-14 00:08:223 INFO  HomePage :58 - Entering User's Date Of Birth : [[ChromeDriver: chrome on WINDOWS (eedf9077cf4f2f77d35f47c15ce0aa74)] -> xpath: //input[@id='inputBirthday']]
2023-08-14 00:08:271 INFO  HomePage :63 - Clicking On Submit Button : [[ChromeDriver: chrome on WINDOWS (eedf9077cf4f2f77d35f47c15ce0aa74)] -> xpath: //button[@id='submitButton']]
2023-08-14 00:08:857 INFO  HomePage :69 - Verifying Displayed User Name : [[ChromeDriver: chrome on WINDOWS (eedf9077cf4f2f77d35f47c15ce0aa74)] -> xpath: //span[@id='resultName']]
2023-08-14 00:08:891 INFO  HomePage :75 - Verifying Displayed User Age : [[ChromeDriver: chrome on WINDOWS (eedf9077cf4f2f77d35f47c15ce0aa74)] -> xpath: //span[@id='resultAge']]
2023-08-14 00:08:624 INFO  HomePage :53 - Entering User's Name : [[ChromeDriver: chrome on WINDOWS (df4e805a68b5da625326237e84aedd8d)] -> xpath: //input[@id='inputName']]
2023-08-14 00:08:692 INFO  HomePage :58 - Entering User's Date Of Birth : [[ChromeDriver: chrome on WINDOWS (df4e805a68b5da625326237e84aedd8d)] -> xpath: //input[@id='inputBirthday']]
2023-08-14 00:08:748 INFO  HomePage :63 - Clicking On Submit Button : [[ChromeDriver: chrome on WINDOWS (df4e805a68b5da625326237e84aedd8d)] -> xpath: //button[@id='submitButton']]
2023-08-14 00:08:362 INFO  HomePage :71 - Verifying Displayed User Name : [[ChromeDriver: chrome on WINDOWS (df4e805a68b5da625326237e84aedd8d)] -> xpath: //span[@id='resultName']]
2023-08-14 00:08:398 INFO  HomePage :79 - Verifying Displayed User Age : [[ChromeDriver: chrome on WINDOWS (df4e805a68b5da625326237e84aedd8d)] -> xpath: //span[@id='resultAge']]
2023-08-14 00:08:243 INFO  HomePage :53 - Entering User's Name : [[ChromeDriver: chrome on WINDOWS (94124ad980e51b381db5638d18c308aa)] -> xpath: //input[@id='inputName']]
2023-08-14 00:08:293 INFO  HomePage :58 - Entering User's Date Of Birth : [[ChromeDriver: chrome on WINDOWS (94124ad980e51b381db5638d18c308aa)] -> xpath: //input[@id='inputBirthday']]
2023-08-14 00:08:343 INFO  HomePage :63 - Clicking On Submit Button : [[ChromeDriver: chrome on WINDOWS (94124ad980e51b381db5638d18c308aa)] -> xpath: //button[@id='submitButton']]
2023-08-14 00:08:938 INFO  HomePage :71 - Verifying Displayed User Name : [[ChromeDriver: chrome on WINDOWS (94124ad980e51b381db5638d18c308aa)] -> xpath: //span[@id='resultName']]
2023-08-14 00:08:970 INFO  HomePage :79 - Verifying Displayed User Age : [[ChromeDriver: chrome on WINDOWS (94124ad980e51b381db5638d18c308aa)] -> xpath: //span[@id='resultAge']]
